<?xml version="1.0" encoding="UTF-8"?>
<!-- Generated by org.testng.reporters.JUnitReportReporter -->
<testsuite hostname="LAPTOP-1L8OM83J" failures="0" tests="2" name="miniProject.FacebookLogin" time="9.827" errors="0" timestamp="2022-08-16T21:24:28 IST" skipped="0">
  <testcase classname="miniProject.FacebookLogin" name="enterUserDetails" time="3.537"/>
  <system-out/>
  <testcase classname="miniProject.FacebookLogin" name="forgotPassowrd" time="6.290"/>
  <system-out/>
</testsuite> <!-- miniProject.FacebookLogin -->
